hello
0.0256 0.1 100 Y3S 0.01
Mass: GeV Charge:
-- The C compiler identification is GNU 4.9.3
-- The CXX compiler identification is GNU 4.9.3
-- Check for working C compiler: /usr/bin/cc
-- Check for working C compiler: /usr/bin/cc -- works
-- Detecting C compiler ABI info
-- Detecting C compiler ABI info - done
-- Check for working CXX compiler: /usr/bin/c++
-- Check for working CXX compiler: /usr/bin/c++ -- works
-- Detecting CXX compiler ABI info
-- Detecting CXX compiler ABI info - done
-- Configuring done
-- Generating done
-- Build files have been written to: /xfs1/gmagill/GeantDevExamples/BuildExamples/MilliQBuild/Job.346164
Scanning dependencies of target MilliQ
[  2%] Building CXX object CMakeFiles/MilliQ.dir/MilliQ.cc.o
[  5%] Building CXX object CMakeFiles/MilliQ.dir/src/MilliQActionInitialization.cc.o
[  7%] Building CXX object CMakeFiles/MilliQ.dir/src/MilliQDetectorBlockParameterisation.cc.o
[ 10%] Building CXX object CMakeFiles/MilliQ.dir/src/MilliQDetectorMessenger.cc.o
[ 13%] Building CXX object CMakeFiles/MilliQ.dir/src/MilliQDetectorStackParameterisation.cc.o
[ 15%] Building CXX object CMakeFiles/MilliQ.dir/src/MilliQEMPhysics.cc.o
[ 18%] Building CXX object CMakeFiles/MilliQ.dir/src/MilliQEventMessenger.cc.o
[ 21%] Building CXX object CMakeFiles/MilliQ.dir/src/MilliQGeneralPhysics.cc.o
[ 23%] Building CXX object CMakeFiles/MilliQ.dir/src/MilliQMonopoleEquation.cc.o
[ 26%] Building CXX object CMakeFiles/MilliQ.dir/src/MilliQMonopoleFieldMessenger.cc.o
[ 28%] Building CXX object CMakeFiles/MilliQ.dir/src/MilliQMonopoleFieldSetup.cc.o
[ 31%] Building CXX object CMakeFiles/MilliQ.dir/src/MilliQMonopolePhysicsMessenger.cc.o
[ 34%] Building CXX object CMakeFiles/MilliQ.dir/src/MilliQMonopoleTransportation.cc.o
[ 36%] Building CXX object CMakeFiles/MilliQ.dir/src/MilliQMuonPhysics.cc.o
[ 39%] Building CXX object CMakeFiles/MilliQ.dir/src/MilliQPMTHit.cc.o
In file included from /xfs1/gmagill/GeantDevExamples/BuildExamples/MilliQBuild/Job.346164/geant4/src/MilliQPMTHit.cc:2:0:
/xfs1/gmagill/GeantDevExamples/BuildExamples/MilliQBuild/Job.346164/geant4/include/MilliQPMTHit.hh: In constructor ‘MilliQPMTHit::MilliQPMTHit()’:
/xfs1/gmagill/GeantDevExamples/BuildExamples/MilliQBuild/Job.346164/geant4/include/MilliQPMTHit.hh:93:14: warning: ‘MilliQPMTHit::fTime’ will be initialized after [-Wreorder]
     G4double fTime;
              ^
/xfs1/gmagill/GeantDevExamples/BuildExamples/MilliQBuild/Job.346164/geant4/include/MilliQPMTHit.hh:86:19: warning:   ‘G4ThreeVector MilliQPMTHit::fPos’ [-Wreorder]
     G4ThreeVector fPos;
                   ^
/xfs1/gmagill/GeantDevExamples/BuildExamples/MilliQBuild/Job.346164/geant4/src/MilliQPMTHit.cc:23:1: warning:   when initialized here [-Wreorder]
 MilliQPMTHit::MilliQPMTHit()
 ^
In file included from /xfs1/gmagill/GeantDevExamples/BuildExamples/MilliQBuild/Job.346164/geant4/src/MilliQPMTHit.cc:2:0:
/xfs1/gmagill/GeantDevExamples/BuildExamples/MilliQBuild/Job.346164/geant4/include/MilliQPMTHit.hh: In constructor ‘MilliQPMTHit::MilliQPMTHit(G4int, G4int)’:
/xfs1/gmagill/GeantDevExamples/BuildExamples/MilliQBuild/Job.346164/geant4/include/MilliQPMTHit.hh:93:14: warning: ‘MilliQPMTHit::fTime’ will be initialized after [-Wreorder]
     G4double fTime;
              ^
/xfs1/gmagill/GeantDevExamples/BuildExamples/MilliQBuild/Job.346164/geant4/include/MilliQPMTHit.hh:86:19: warning:   ‘G4ThreeVector MilliQPMTHit::fPos’ [-Wreorder]
     G4ThreeVector fPos;
                   ^
/xfs1/gmagill/GeantDevExamples/BuildExamples/MilliQBuild/Job.346164/geant4/src/MilliQPMTHit.cc:26:1: warning:   when initialized here [-Wreorder]
 MilliQPMTHit::MilliQPMTHit(G4int iCol,G4int iBlock)
 ^
/xfs1/gmagill/GeantDevExamples/BuildExamples/MilliQBuild/Job.346164/geant4/src/MilliQPMTHit.cc: At global scope:
/xfs1/gmagill/GeantDevExamples/BuildExamples/MilliQBuild/Job.346164/geant4/src/MilliQPMTHit.cc:26:34: warning: unused parameter ‘iCol’ [-Wunused-parameter]
 MilliQPMTHit::MilliQPMTHit(G4int iCol,G4int iBlock)
                                  ^
/xfs1/gmagill/GeantDevExamples/BuildExamples/MilliQBuild/Job.346164/geant4/src/MilliQPMTHit.cc:26:45: warning: unused parameter ‘iBlock’ [-Wunused-parameter]
 MilliQPMTHit::MilliQPMTHit(G4int iCol,G4int iBlock)
                                             ^
[ 42%] Building CXX object CMakeFiles/MilliQ.dir/src/MilliQPMTSD.cc.o
[ 44%] Building CXX object CMakeFiles/MilliQ.dir/src/MilliQPrimaryGeneratorMessenger.cc.o
slurmd[cerberus1]: *** JOB 346164 CANCELLED AT 2016-01-20T23:21:52 ***
