hello
Mass: GeV Charge:
-- The C compiler identification is GNU 4.9.3
-- The CXX compiler identification is GNU 4.9.3
-- Check for working C compiler: /usr/bin/cc
-- Check for working C compiler: /usr/bin/cc -- works
-- Detecting C compiler ABI info
-- Detecting C compiler ABI info - done
-- Check for working CXX compiler: /usr/bin/c++
-- Check for working CXX compiler: /usr/bin/c++ -- works
-- Detecting CXX compiler ABI info
-- Detecting CXX compiler ABI info - done
-- Configuring done
-- Generating done
-- Build files have been written to: /xfs1/gmagill/GeantDevExamples/BuildExamples/MilliQBuild/Job.340102
Scanning dependencies of target MilliQ
[  2%] Building CXX object CMakeFiles/MilliQ.dir/MilliQ.cc.o
[  5%] Building CXX object CMakeFiles/MilliQ.dir/src/MilliQActionInitialization.cc.o
[  7%] Building CXX object CMakeFiles/MilliQ.dir/src/MilliQDetectorBlockParameterisation.cc.o
[ 10%] Building CXX object CMakeFiles/MilliQ.dir/src/MilliQDetectorMessenger.cc.o
[ 13%] Building CXX object CMakeFiles/MilliQ.dir/src/MilliQDetectorStackParameterisation.cc.o
[ 15%] Building CXX object CMakeFiles/MilliQ.dir/src/MilliQEMPhysics.cc.o
[ 18%] Building CXX object CMakeFiles/MilliQ.dir/src/MilliQEventMessenger.cc.o
[ 21%] Building CXX object CMakeFiles/MilliQ.dir/src/MilliQGeneralPhysics.cc.o
[ 23%] Building CXX object CMakeFiles/MilliQ.dir/src/MilliQMonopoleEquation.cc.o
[ 26%] Building CXX object CMakeFiles/MilliQ.dir/src/MilliQMonopoleFieldMessenger.cc.o
[ 28%] Building CXX object CMakeFiles/MilliQ.dir/src/MilliQMonopoleFieldSetup.cc.o
[ 31%] Building CXX object CMakeFiles/MilliQ.dir/src/MilliQMonopolePhysicsMessenger.cc.o
[ 34%] Building CXX object CMakeFiles/MilliQ.dir/src/MilliQMonopoleTransportation.cc.o
[ 36%] Building CXX object CMakeFiles/MilliQ.dir/src/MilliQMuonPhysics.cc.o
[ 39%] Building CXX object CMakeFiles/MilliQ.dir/src/MilliQPMTHit.cc.o
In file included from /xfs1/gmagill/GeantDevExamples/BuildExamples/MilliQBuild/Job.340102/geant4/src/MilliQPMTHit.cc:2:0:
/xfs1/gmagill/GeantDevExamples/BuildExamples/MilliQBuild/Job.340102/geant4/include/MilliQPMTHit.hh: In constructor ‘MilliQPMTHit::MilliQPMTHit()’:
/xfs1/gmagill/GeantDevExamples/BuildExamples/MilliQBuild/Job.340102/geant4/include/MilliQPMTHit.hh:93:14: warning: ‘MilliQPMTHit::fTime’ will be initialized after [-Wreorder]
     G4double fTime;
              ^
/xfs1/gmagill/GeantDevExamples/BuildExamples/MilliQBuild/Job.340102/geant4/include/MilliQPMTHit.hh:86:19: warning:   ‘G4ThreeVector MilliQPMTHit::fPos’ [-Wreorder]
     G4ThreeVector fPos;
                   ^
/xfs1/gmagill/GeantDevExamples/BuildExamples/MilliQBuild/Job.340102/geant4/src/MilliQPMTHit.cc:23:1: warning:   when initialized here [-Wreorder]
 MilliQPMTHit::MilliQPMTHit()
 ^
In file included from /xfs1/gmagill/GeantDevExamples/BuildExamples/MilliQBuild/Job.340102/geant4/src/MilliQPMTHit.cc:2:0:
/xfs1/gmagill/GeantDevExamples/BuildExamples/MilliQBuild/Job.340102/geant4/include/MilliQPMTHit.hh: In constructor ‘MilliQPMTHit::MilliQPMTHit(G4int, G4int)’:
/xfs1/gmagill/GeantDevExamples/BuildExamples/MilliQBuild/Job.340102/geant4/include/MilliQPMTHit.hh:93:14: warning: ‘MilliQPMTHit::fTime’ will be initialized after [-Wreorder]
     G4double fTime;
              ^
/xfs1/gmagill/GeantDevExamples/BuildExamples/MilliQBuild/Job.340102/geant4/include/MilliQPMTHit.hh:86:19: warning:   ‘G4ThreeVector MilliQPMTHit::fPos’ [-Wreorder]
     G4ThreeVector fPos;
                   ^
/xfs1/gmagill/GeantDevExamples/BuildExamples/MilliQBuild/Job.340102/geant4/src/MilliQPMTHit.cc:26:1: warning:   when initialized here [-Wreorder]
 MilliQPMTHit::MilliQPMTHit(G4int iCol,G4int iBlock)
 ^
/xfs1/gmagill/GeantDevExamples/BuildExamples/MilliQBuild/Job.340102/geant4/src/MilliQPMTHit.cc: At global scope:
/xfs1/gmagill/GeantDevExamples/BuildExamples/MilliQBuild/Job.340102/geant4/src/MilliQPMTHit.cc:26:34: warning: unused parameter ‘iCol’ [-Wunused-parameter]
 MilliQPMTHit::MilliQPMTHit(G4int iCol,G4int iBlock)
                                  ^
/xfs1/gmagill/GeantDevExamples/BuildExamples/MilliQBuild/Job.340102/geant4/src/MilliQPMTHit.cc:26:45: warning: unused parameter ‘iBlock’ [-Wunused-parameter]
 MilliQPMTHit::MilliQPMTHit(G4int iCol,G4int iBlock)
                                             ^
[ 42%] Building CXX object CMakeFiles/MilliQ.dir/src/MilliQPMTSD.cc.o
[ 44%] Building CXX object CMakeFiles/MilliQ.dir/src/MilliQPhysicsList.cc.o
[ 47%] Building CXX object CMakeFiles/MilliQ.dir/src/MilliQPrimaryGeneratorMessenger.cc.o
[ 50%] Building CXX object CMakeFiles/MilliQ.dir/src/MilliQRunAction.cc.o
/xfs1/gmagill/GeantDevExamples/BuildExamples/MilliQBuild/Job.340102/geant4/src/MilliQRunAction.cc: In member function ‘virtual void MilliQRunAction::EndOfRunAction(const G4Run*)’:
/xfs1/gmagill/GeantDevExamples/BuildExamples/MilliQBuild/Job.340102/geant4/src/MilliQRunAction.cc:128:12: warning: unused variable ‘density’ [-Wunused-variable]
   G4double density = material->GetDensity();
            ^
/xfs1/gmagill/GeantDevExamples/BuildExamples/MilliQBuild/Job.340102/geant4/src/MilliQRunAction.cc:131:31: warning: unused variable ‘part’ [-Wunused-variable]
   const G4ParticleDefinition* part =
                               ^
/xfs1/gmagill/GeantDevExamples/BuildExamples/MilliQBuild/Job.340102/geant4/src/MilliQRunAction.cc:138:25: warning: unused variable ‘particle’ [-Wunused-variable]
   G4ParticleDefinition* particle
                         ^
[ 52%] Building CXX object CMakeFiles/MilliQ.dir/src/MilliQRunActionMessenger.cc.o
[ 55%] Building CXX object CMakeFiles/MilliQ.dir/src/MilliQScintHit.cc.o
In file included from /xfs1/gmagill/GeantDevExamples/BuildExamples/MilliQBuild/Job.340102/geant4/src/MilliQScintHit.cc:29:0:
/xfs1/gmagill/GeantDevExamples/BuildExamples/MilliQBuild/Job.340102/geant4/src/../include/MilliQScintHit.hh: In constructor ‘MilliQScintHit::MilliQScintHit()’:
/xfs1/gmagill/GeantDevExamples/BuildExamples/MilliQBuild/Job.340102/geant4/src/../include/MilliQScintHit.hh:80:30: warning: ‘MilliQScintHit::fPhysVol’ will be initialized after [-Wreorder]
     const G4VPhysicalVolume* fPhysVol;
                              ^
/xfs1/gmagill/GeantDevExamples/BuildExamples/MilliQBuild/Job.340102/geant4/src/../include/MilliQScintHit.hh:78:14: warning:   ‘G4double MilliQScintHit::fTime’ [-Wreorder]
     G4double fTime;
              ^
/xfs1/gmagill/GeantDevExamples/BuildExamples/MilliQBuild/Job.340102/geant4/src/MilliQScintHit.cc:41:1: warning:   when initialized here [-Wreorder]
 MilliQScintHit::MilliQScintHit() : fEdep(0.), fPos(0.), fPhysVol(0), fTime(0.), fCpNum(-1){}
 ^
[ 57%] Building CXX object CMakeFiles/MilliQ.dir/src/MilliQScintSD.cc.o
[ 60%] Building CXX object CMakeFiles/MilliQ.dir/src/MilliQStackingAction.cc.o
[ 63%] Building CXX object CMakeFiles/MilliQ.dir/src/MilliQSteppingAction.cc.o
[ 65%] Building CXX object CMakeFiles/MilliQ.dir/src/MilliQSteppingMessenger.cc.o
[ 68%] Building CXX object CMakeFiles/MilliQ.dir/src/MilliQSteppingVerbose.cc.o
[ 71%] Building CXX object CMakeFiles/MilliQ.dir/src/MilliQTrackingAction.cc.o
[ 73%] Building CXX object CMakeFiles/MilliQ.dir/src/MilliQTrajectory.cc.o
[ 76%] Building CXX object CMakeFiles/MilliQ.dir/src/MilliQUserEventInformation.cc.o
[ 78%] Building CXX object CMakeFiles/MilliQ.dir/src/MilliQUserTrackInformation.cc.o
[ 81%] Building CXX object CMakeFiles/MilliQ.dir/src/MilliQMonopole.cc.o
[ 84%] Building CXX object CMakeFiles/MilliQ.dir/src/MilliQAnalysis.cc.o
[ 86%] Building CXX object CMakeFiles/MilliQ.dir/src/MilliQDetectorBlockLV.cc.o
[ 89%] Building CXX object CMakeFiles/MilliQ.dir/src/MilliQEventAction.cc.o
In file included from /xfs1/gmagill/GeantDevExamples/BuildExamples/MilliQBuild/Job.340102/geant4/src/MilliQEventAction.cc:32:0:
/xfs1/gmagill/GeantDevExamples/BuildExamples/MilliQBuild/Job.340102/geant4/include/MilliQEventAction.hh: In constructor ‘MilliQEventAction::MilliQEventAction(MilliQRecorderBase*)’:
/xfs1/gmagill/GeantDevExamples/BuildExamples/MilliQBuild/Job.340102/geant4/include/MilliQEventAction.hh:73:24: warning: ‘MilliQEventAction::fScintCollID’ will be initialized after [-Wreorder]
     G4int              fScintCollID;
                        ^
/xfs1/gmagill/GeantDevExamples/BuildExamples/MilliQBuild/Job.340102/geant4/include/MilliQEventAction.hh:71:24: warning:   ‘G4int MilliQEventAction::fPMTCollID’ [-Wreorder]
     G4int              fPMTCollID;
                        ^
/xfs1/gmagill/GeantDevExamples/BuildExamples/MilliQBuild/Job.340102/geant4/src/MilliQEventAction.cc:59:1: warning:   when initialized here [-Wreorder]
 MilliQEventAction::MilliQEventAction(MilliQRecorderBase* r)
 ^
/xfs1/gmagill/GeantDevExamples/BuildExamples/MilliQBuild/Job.340102/geant4/src/MilliQEventAction.cc: In member function ‘virtual void MilliQEventAction::EndOfEventAction(const G4Event*)’:
/xfs1/gmagill/GeantDevExamples/BuildExamples/MilliQBuild/Job.340102/geant4/src/MilliQEventAction.cc:210:6: warning: variable ‘PrintStats’ set but not used [-Wunused-but-set-variable]
 bool PrintStats = false;
      ^
[ 92%] Building CXX object CMakeFiles/MilliQ.dir/src/MilliQMonopolePhysics.cc.o
/xfs1/gmagill/GeantDevExamples/BuildExamples/MilliQBuild/Job.340102/geant4/src/MilliQMonopolePhysics.cc: In member function ‘virtual void MilliQMonopolePhysics::ConstructProcess()’:
/xfs1/gmagill/GeantDevExamples/BuildExamples/MilliQBuild/Job.340102/geant4/src/MilliQMonopolePhysics.cc:119:13: warning: unused variable ‘magn’ [-Wunused-variable]
    G4double magn = fMpl->MagneticCharge();
             ^
/xfs1/gmagill/GeantDevExamples/BuildExamples/MilliQBuild/Job.340102/geant4/src/MilliQMonopolePhysics.cc: At global scope:
/xfs1/gmagill/GeantDevExamples/BuildExamples/MilliQBuild/Job.340102/geant4/src/MilliQMonopolePhysics.cc:160:56: warning: unused parameter ‘val’ [-Wunused-parameter]
 void MilliQMonopolePhysics::SetElectricCharge(G4double val)
                                                        ^
/xfs1/gmagill/GeantDevExamples/BuildExamples/MilliQBuild/Job.340102/geant4/src/MilliQMonopolePhysics.cc:167:54: warning: unused parameter ‘mass’ [-Wunused-parameter]
 void MilliQMonopolePhysics::SetMonopoleMass(G4double mass)
                                                      ^
[ 94%] Building CXX object CMakeFiles/MilliQ.dir/src/MilliQPrimaryGeneratorAction.cc.o
In file included from /xfs1/gmagill/GeantDevExamples/BuildExamples/MilliQBuild/Job.340102/geant4/src/MilliQPrimaryGeneratorAction.cc:31:0:
/xfs1/gmagill/GeantDevExamples/BuildExamples/MilliQBuild/Job.340102/geant4/include/MilliQPrimaryGeneratorAction.hh: In constructor ‘MilliQPrimaryGeneratorAction::MilliQPrimaryGeneratorAction()’:
/xfs1/gmagill/GeantDevExamples/BuildExamples/MilliQBuild/Job.340102/geant4/include/MilliQPrimaryGeneratorAction.hh:91:28: warning: ‘MilliQPrimaryGeneratorAction::fCalibDefined’ will be initialized after [-Wreorder]
     G4bool fVertexDefined, fCalibDefined;
                            ^
/xfs1/gmagill/GeantDevExamples/BuildExamples/MilliQBuild/Job.340102/geant4/include/MilliQPrimaryGeneratorAction.hh:91:12: warning:   ‘G4bool MilliQPrimaryGeneratorAction::fVertexDefined’ [-Wreorder]
     G4bool fVertexDefined, fCalibDefined;
            ^
/xfs1/gmagill/GeantDevExamples/BuildExamples/MilliQBuild/Job.340102/geant4/src/MilliQPrimaryGeneratorAction.cc:69:1: warning:   when initialized here [-Wreorder]
 MilliQPrimaryGeneratorAction::MilliQPrimaryGeneratorAction() :
 ^
/xfs1/gmagill/GeantDevExamples/BuildExamples/MilliQBuild/Job.340102/geant4/src/MilliQPrimaryGeneratorAction.cc:73:25: warning: unused variable ‘MonopoleProperties’ [-Wunused-variable]
  MilliQMonopolePhysics* MonopoleProperties = new MilliQMonopolePhysics();
                         ^
[ 97%] Building CXX object CMakeFiles/MilliQ.dir/src/MilliQDetectorStackLV.cc.o
[100%] Building CXX object CMakeFiles/MilliQ.dir/src/MilliQDetectorConstruction.cc.o
/xfs1/gmagill/GeantDevExamples/BuildExamples/MilliQBuild/Job.340102/geant4/src/MilliQDetectorConstruction.cc:114:18: error: too many decimal points in number
   fLGHouseRefl = 0.925.; //pmt housing reflective
                  ^
In file included from /xfs1/gmagill/GeantDevExamples/BuildExamples/MilliQBuild/Job.340102/geant4/src/MilliQDetectorConstruction.cc:1:0:
/xfs1/gmagill/GeantDevExamples/BuildExamples/MilliQBuild/Job.340102/geant4/include/MilliQDetectorConstruction.hh: In constructor ‘MilliQDetectorConstruction::MilliQDetectorConstruction()’:
/xfs1/gmagill/GeantDevExamples/BuildExamples/MilliQBuild/Job.340102/geant4/include/MilliQDetectorConstruction.hh:121:32: warning: ‘MilliQDetectorConstruction::fScintillator_mt’ will be initialized after [-Wreorder]
     G4MaterialPropertiesTable* fScintillator_mt;
                                ^
/xfs1/gmagill/GeantDevExamples/BuildExamples/MilliQBuild/Job.340102/geant4/include/MilliQDetectorConstruction.hh:110:19: warning:   ‘G4ThreeVector MilliQDetectorConstruction::NBlocks’ [-Wreorder]
     G4ThreeVector NBlocks;
                   ^
/xfs1/gmagill/GeantDevExamples/BuildExamples/MilliQBuild/Job.340102/geant4/src/MilliQDetectorConstruction.cc:48:1: warning:   when initialized here [-Wreorder]
 MilliQDetectorConstruction::MilliQDetectorConstruction() :
 ^
In file included from /xfs1/gmagill/GeantDevExamples/BuildExamples/MilliQBuild/Job.340102/geant4/src/MilliQDetectorConstruction.cc:1:0:
/xfs1/gmagill/GeantDevExamples/BuildExamples/MilliQBuild/Job.340102/geant4/include/MilliQDetectorConstruction.hh:110:19: warning: ‘MilliQDetectorConstruction::NBlocks’ will be initialized after [-Wreorder]
     G4ThreeVector NBlocks;
                   ^
/xfs1/gmagill/GeantDevExamples/BuildExamples/MilliQBuild/Job.340102/geant4/include/MilliQDetectorConstruction.hh:105:14: warning:   ‘G4double MilliQDetectorConstruction::NStacks’ [-Wreorder]
     G4double NStacks;
              ^
/xfs1/gmagill/GeantDevExamples/BuildExamples/MilliQBuild/Job.340102/geant4/src/MilliQDetectorConstruction.cc:48:1: warning:   when initialized here [-Wreorder]
 MilliQDetectorConstruction::MilliQDetectorConstruction() :
 ^
make[3]: *** [CMakeFiles/MilliQ.dir/src/MilliQDetectorConstruction.cc.o] Error 1
make[2]: *** [CMakeFiles/MilliQ.dir/all] Error 2
make[1]: *** [CMakeFiles/MilliQ.dir/rule] Error 2
make: *** [MilliQ] Error 2
/var/lib/slurm-llnl/slurmd/job340102/slurm_script: line 44: ./MilliQ: No such file or directory
   ------------------------------------------------------------
  | Welcome to ROOT 6.04/10                http://root.cern.ch |
  |                               (c) 1995-2014, The ROOT Team |
  | Built for linuxx8664gcc                                    |
  | From tag v6-04-10, 18 November 2015                        |
  | Try '.help', '.demo', '.license', '.credits', '.quit'/'.q' |
   ------------------------------------------------------------


Processing histogram.C...
Error in <TFile::TFile>: file MilliQ.root does not exist

 *** Break *** segmentation violation



===========================================================
There was a crash.
This is the entire stack trace of all threads:
===========================================================
#0  0x00007faa6dad9b4c in __libc_waitpid (pid=33491, stat_loc=stat_loc
entry=0x7ffcd82100d0, options=options
entry=0) at ../sysdeps/unix/sysv/linux/waitpid.c:31
#1  0x00007faa6da5f2e2 in do_system (line=<optimized out>) at ../sysdeps/posix/system.c:148
#2  0x00007faa6e7ec89b in Exec (shellcmd=<optimized out>, this=0xc3e4f0) at /xfs1/gmagill/root-6.04.10/core/unix/src/TUnixSystem.cxx:2069
#3  TUnixSystem::StackTrace (this=0xc3e4f0) at /xfs1/gmagill/root-6.04.10/core/unix/src/TUnixSystem.cxx:2297
#4  0x00007faa6e7ee91c in TUnixSystem::DispatchSignals (this=0xc3e4f0, sig=kSigSegmentationViolation) at /xfs1/gmagill/root-6.04.10/core/unix/src/TUnixSystem.cxx:3535
#5  <signal handler called>
#6  0x00007faa6eceb7f5 in ?? ()
#7  0x00007ffcd82127d0 in ?? ()
#8  0x000000085d300300 in ?? ()
#9  0x0000000000000000 in ?? ()
===========================================================


The lines below might hint at the cause of the crash.
If they do not help you then please submit a bug report at
http://root.cern.ch/bugs. Please post the ENTIRE stack trace
from above as an attachment in addition to anything else
that might help us fixing this issue.
===========================================================
#6  0x00007faa6eceb7f5 in ?? ()
#7  0x00007ffcd82127d0 in ?? ()
#8  0x000000085d300300 in ?? ()
#9  0x0000000000000000 in ?? ()
===========================================================


cat: mcpall.dat: No such file or directory
