hello
Mass: GeV Charge:
cp: omitting directory ‘CMakeFiles’
cp: omitting directory ‘Job.336910’
-- Configuring done
-- Generating done
-- Build files have been written to: /xfs1/gmagill/GeantDevExamples/BuildExamples/MilliQBuild
-- Configuring done
-- Generating done
-- Build files have been written to: /xfs1/gmagill/GeantDevExamples/BuildExamples/MilliQBuild
Scanning dependencies of target MilliQ
[  2%] Building CXX object CMakeFiles/MilliQ.dir/MilliQ.cc.o
[  5%] Building CXX object CMakeFiles/MilliQ.dir/src/MilliQActionInitialization.cc.o
[  7%] Building CXX object CMakeFiles/MilliQ.dir/src/MilliQAnalysis.cc.o
/xfs1/gmagill/GeantDevExamples/milliq/geant4/src/MilliQAnalysis.cc: In member function ‘void MilliQAnalysis::NearestN()’:
/xfs1/gmagill/GeantDevExamples/milliq/geant4/src/MilliQAnalysis.cc:31:19: warning: comparison between signed and unsigned integer expressions [-Wsign-compare]
  for(G4int i=0; i < activePMT.size(); i++){
                   ^
/xfs1/gmagill/GeantDevExamples/milliq/geant4/src/MilliQAnalysis.cc: In member function ‘void MilliQAnalysis::ComputeTandE()’:
/xfs1/gmagill/GeantDevExamples/milliq/geant4/src/MilliQAnalysis.cc:62:19: warning: comparison between signed and unsigned integer expressions [-Wsign-compare]
  for(G4int i=0; i < activeEvent.size(); i++){
                   ^
/xfs1/gmagill/GeantDevExamples/milliq/geant4/src/MilliQAnalysis.cc:70:23: warning: comparison between signed and unsigned integer expressions [-Wsign-compare]
    for(G4int k = 0; k < fscintEn[ind].size();k++){
                       ^
[ 10%] Building CXX object CMakeFiles/MilliQ.dir/src/MilliQDetectorBlockLV.cc.o
/xfs1/gmagill/GeantDevExamples/milliq/geant4/src/MilliQDetectorBlockLV.cc:224:12: warning: unused parameter ‘pPmtHousingReflectivity’ [-Wunused-parameter]
   G4double pPmtHousingReflectivity) {
            ^
[ 13%] Building CXX object CMakeFiles/MilliQ.dir/src/MilliQDetectorBlockParameterisation.cc.o
[ 15%] Building CXX object CMakeFiles/MilliQ.dir/src/MilliQDetectorConstruction.cc.o
In file included from /xfs1/gmagill/GeantDevExamples/milliq/geant4/src/MilliQDetectorConstruction.cc:1:0:
/xfs1/gmagill/GeantDevExamples/milliq/geant4/include/MilliQDetectorConstruction.hh: In constructor ‘MilliQDetectorConstruction::MilliQDetectorConstruction()’:
/xfs1/gmagill/GeantDevExamples/milliq/geant4/include/MilliQDetectorConstruction.hh:122:32: warning: ‘MilliQDetectorConstruction::fScintillator_mt’ will be initialized after [-Wreorder]
     G4MaterialPropertiesTable* fScintillator_mt;
                                ^
/xfs1/gmagill/GeantDevExamples/milliq/geant4/include/MilliQDetectorConstruction.hh:111:19: warning:   ‘G4ThreeVector MilliQDetectorConstruction::NBlocks’ [-Wreorder]
     G4ThreeVector NBlocks;
                   ^
/xfs1/gmagill/GeantDevExamples/milliq/geant4/src/MilliQDetectorConstruction.cc:48:1: warning:   when initialized here [-Wreorder]
 MilliQDetectorConstruction::MilliQDetectorConstruction() :
 ^
In file included from /xfs1/gmagill/GeantDevExamples/milliq/geant4/src/MilliQDetectorConstruction.cc:1:0:
/xfs1/gmagill/GeantDevExamples/milliq/geant4/include/MilliQDetectorConstruction.hh:111:19: warning: ‘MilliQDetectorConstruction::NBlocks’ will be initialized after [-Wreorder]
     G4ThreeVector NBlocks;
                   ^
/xfs1/gmagill/GeantDevExamples/milliq/geant4/include/MilliQDetectorConstruction.hh:106:14: warning:   ‘G4double MilliQDetectorConstruction::NStacks’ [-Wreorder]
     G4double NStacks;
              ^
/xfs1/gmagill/GeantDevExamples/milliq/geant4/src/MilliQDetectorConstruction.cc:48:1: warning:   when initialized here [-Wreorder]
 MilliQDetectorConstruction::MilliQDetectorConstruction() :
 ^
[ 18%] Building CXX object CMakeFiles/MilliQ.dir/src/MilliQDetectorMessenger.cc.o
[ 21%] Building CXX object CMakeFiles/MilliQ.dir/src/MilliQDetectorStackLV.cc.o
[ 23%] Building CXX object CMakeFiles/MilliQ.dir/src/MilliQDetectorStackParameterisation.cc.o
[ 26%] Building CXX object CMakeFiles/MilliQ.dir/src/MilliQEMPhysics.cc.o
[ 28%] Building CXX object CMakeFiles/MilliQ.dir/src/MilliQEventMessenger.cc.o
[ 31%] Building CXX object CMakeFiles/MilliQ.dir/src/MilliQGeneralPhysics.cc.o
[ 34%] Building CXX object CMakeFiles/MilliQ.dir/src/MilliQMonopoleEquation.cc.o
[ 36%] Building CXX object CMakeFiles/MilliQ.dir/src/MilliQMonopoleFieldMessenger.cc.o
[ 39%] Building CXX object CMakeFiles/MilliQ.dir/src/MilliQMonopoleFieldSetup.cc.o
[ 42%] Building CXX object CMakeFiles/MilliQ.dir/src/MilliQMonopolePhysics.cc.o
/xfs1/gmagill/GeantDevExamples/milliq/geant4/src/MilliQMonopolePhysics.cc: In member function ‘virtual void MilliQMonopolePhysics::ConstructProcess()’:
/xfs1/gmagill/GeantDevExamples/milliq/geant4/src/MilliQMonopolePhysics.cc:119:13: warning: unused variable ‘magn’ [-Wunused-variable]
    G4double magn = fMpl->MagneticCharge();
             ^
/xfs1/gmagill/GeantDevExamples/milliq/geant4/src/MilliQMonopolePhysics.cc: At global scope:
/xfs1/gmagill/GeantDevExamples/milliq/geant4/src/MilliQMonopolePhysics.cc:160:56: warning: unused parameter ‘val’ [-Wunused-parameter]
 void MilliQMonopolePhysics::SetElectricCharge(G4double val)
                                                        ^
/xfs1/gmagill/GeantDevExamples/milliq/geant4/src/MilliQMonopolePhysics.cc:167:54: warning: unused parameter ‘mass’ [-Wunused-parameter]
 void MilliQMonopolePhysics::SetMonopoleMass(G4double mass)
                                                      ^
[ 44%] Building CXX object CMakeFiles/MilliQ.dir/src/MilliQMonopolePhysicsMessenger.cc.o
[ 47%] Building CXX object CMakeFiles/MilliQ.dir/src/MilliQMonopoleTransportation.cc.o
[ 50%] Building CXX object CMakeFiles/MilliQ.dir/src/MilliQMuonPhysics.cc.o
[ 52%] Building CXX object CMakeFiles/MilliQ.dir/src/MilliQPMTHit.cc.o
In file included from /xfs1/gmagill/GeantDevExamples/milliq/geant4/src/MilliQPMTHit.cc:2:0:
/xfs1/gmagill/GeantDevExamples/milliq/geant4/include/MilliQPMTHit.hh: In constructor ‘MilliQPMTHit::MilliQPMTHit()’:
/xfs1/gmagill/GeantDevExamples/milliq/geant4/include/MilliQPMTHit.hh:93:14: warning: ‘MilliQPMTHit::fTime’ will be initialized after [-Wreorder]
     G4double fTime;
              ^
/xfs1/gmagill/GeantDevExamples/milliq/geant4/include/MilliQPMTHit.hh:86:19: warning:   ‘G4ThreeVector MilliQPMTHit::fPos’ [-Wreorder]
     G4ThreeVector fPos;
                   ^
/xfs1/gmagill/GeantDevExamples/milliq/geant4/src/MilliQPMTHit.cc:23:1: warning:   when initialized here [-Wreorder]
 MilliQPMTHit::MilliQPMTHit()
 ^
In file included from /xfs1/gmagill/GeantDevExamples/milliq/geant4/src/MilliQPMTHit.cc:2:0:
/xfs1/gmagill/GeantDevExamples/milliq/geant4/include/MilliQPMTHit.hh: In constructor ‘MilliQPMTHit::MilliQPMTHit(G4int, G4int)’:
/xfs1/gmagill/GeantDevExamples/milliq/geant4/include/MilliQPMTHit.hh:93:14: warning: ‘MilliQPMTHit::fTime’ will be initialized after [-Wreorder]
     G4double fTime;
              ^
/xfs1/gmagill/GeantDevExamples/milliq/geant4/include/MilliQPMTHit.hh:86:19: warning:   ‘G4ThreeVector MilliQPMTHit::fPos’ [-Wreorder]
     G4ThreeVector fPos;
                   ^
/xfs1/gmagill/GeantDevExamples/milliq/geant4/src/MilliQPMTHit.cc:26:1: warning:   when initialized here [-Wreorder]
 MilliQPMTHit::MilliQPMTHit(G4int iCol,G4int iBlock)
 ^
/xfs1/gmagill/GeantDevExamples/milliq/geant4/src/MilliQPMTHit.cc: At global scope:
/xfs1/gmagill/GeantDevExamples/milliq/geant4/src/MilliQPMTHit.cc:26:34: warning: unused parameter ‘iCol’ [-Wunused-parameter]
 MilliQPMTHit::MilliQPMTHit(G4int iCol,G4int iBlock)
                                  ^
/xfs1/gmagill/GeantDevExamples/milliq/geant4/src/MilliQPMTHit.cc:26:45: warning: unused parameter ‘iBlock’ [-Wunused-parameter]
 MilliQPMTHit::MilliQPMTHit(G4int iCol,G4int iBlock)
                                             ^
[ 55%] Building CXX object CMakeFiles/MilliQ.dir/src/MilliQPMTSD.cc.o
[ 57%] Building CXX object CMakeFiles/MilliQ.dir/src/MilliQPhysicsList.cc.o
[ 60%] Building CXX object CMakeFiles/MilliQ.dir/src/MilliQPrimaryGeneratorMessenger.cc.o
[ 63%] Building CXX object CMakeFiles/MilliQ.dir/src/MilliQRunAction.cc.o
/xfs1/gmagill/GeantDevExamples/milliq/geant4/src/MilliQRunAction.cc: In member function ‘virtual void MilliQRunAction::EndOfRunAction(const G4Run*)’:
/xfs1/gmagill/GeantDevExamples/milliq/geant4/src/MilliQRunAction.cc:128:12: warning: unused variable ‘density’ [-Wunused-variable]
   G4double density = material->GetDensity();
            ^
/xfs1/gmagill/GeantDevExamples/milliq/geant4/src/MilliQRunAction.cc:131:31: warning: unused variable ‘part’ [-Wunused-variable]
   const G4ParticleDefinition* part =
                               ^
/xfs1/gmagill/GeantDevExamples/milliq/geant4/src/MilliQRunAction.cc:138:25: warning: unused variable ‘particle’ [-Wunused-variable]
   G4ParticleDefinition* particle
                         ^
[ 65%] Building CXX object CMakeFiles/MilliQ.dir/src/MilliQRunActionMessenger.cc.o
[ 68%] Building CXX object CMakeFiles/MilliQ.dir/src/MilliQScintHit.cc.o
In file included from /xfs1/gmagill/GeantDevExamples/milliq/geant4/src/MilliQScintHit.cc:29:0:
/xfs1/gmagill/GeantDevExamples/milliq/geant4/src/../include/MilliQScintHit.hh: In constructor ‘MilliQScintHit::MilliQScintHit()’:
/xfs1/gmagill/GeantDevExamples/milliq/geant4/src/../include/MilliQScintHit.hh:80:30: warning: ‘MilliQScintHit::fPhysVol’ will be initialized after [-Wreorder]
     const G4VPhysicalVolume* fPhysVol;
                              ^
/xfs1/gmagill/GeantDevExamples/milliq/geant4/src/../include/MilliQScintHit.hh:78:14: warning:   ‘G4double MilliQScintHit::fTime’ [-Wreorder]
     G4double fTime;
              ^
/xfs1/gmagill/GeantDevExamples/milliq/geant4/src/MilliQScintHit.cc:41:1: warning:   when initialized here [-Wreorder]
 MilliQScintHit::MilliQScintHit() : fEdep(0.), fPos(0.), fPhysVol(0), fTime(0.), fCpNum(-1){}
 ^
[ 71%] Building CXX object CMakeFiles/MilliQ.dir/src/MilliQScintSD.cc.o
[ 73%] Building CXX object CMakeFiles/MilliQ.dir/src/MilliQStackingAction.cc.o
[ 76%] Building CXX object CMakeFiles/MilliQ.dir/src/MilliQSteppingAction.cc.o
[ 78%] Building CXX object CMakeFiles/MilliQ.dir/src/MilliQSteppingMessenger.cc.o
[ 81%] Building CXX object CMakeFiles/MilliQ.dir/src/MilliQSteppingVerbose.cc.o
[ 84%] Building CXX object CMakeFiles/MilliQ.dir/src/MilliQTrackingAction.cc.o
[ 86%] Building CXX object CMakeFiles/MilliQ.dir/src/MilliQTrajectory.cc.o
[ 89%] Building CXX object CMakeFiles/MilliQ.dir/src/MilliQUserEventInformation.cc.o
[ 92%] Building CXX object CMakeFiles/MilliQ.dir/src/MilliQUserTrackInformation.cc.o
[ 94%] Building CXX object CMakeFiles/MilliQ.dir/src/MilliQMonopole.cc.o
[ 97%] Building CXX object CMakeFiles/MilliQ.dir/src/MilliQPrimaryGeneratorAction.cc.o
In file included from /xfs1/gmagill/GeantDevExamples/milliq/geant4/src/MilliQPrimaryGeneratorAction.cc:31:0:
/xfs1/gmagill/GeantDevExamples/milliq/geant4/include/MilliQPrimaryGeneratorAction.hh: In constructor ‘MilliQPrimaryGeneratorAction::MilliQPrimaryGeneratorAction()’:
/xfs1/gmagill/GeantDevExamples/milliq/geant4/include/MilliQPrimaryGeneratorAction.hh:91:28: warning: ‘MilliQPrimaryGeneratorAction::fCalibDefined’ will be initialized after [-Wreorder]
     G4bool fVertexDefined, fCalibDefined;
                            ^
/xfs1/gmagill/GeantDevExamples/milliq/geant4/include/MilliQPrimaryGeneratorAction.hh:91:12: warning:   ‘G4bool MilliQPrimaryGeneratorAction::fVertexDefined’ [-Wreorder]
     G4bool fVertexDefined, fCalibDefined;
            ^
/xfs1/gmagill/GeantDevExamples/milliq/geant4/src/MilliQPrimaryGeneratorAction.cc:69:1: warning:   when initialized here [-Wreorder]
 MilliQPrimaryGeneratorAction::MilliQPrimaryGeneratorAction() :
 ^
/xfs1/gmagill/GeantDevExamples/milliq/geant4/src/MilliQPrimaryGeneratorAction.cc:73:25: warning: unused variable ‘MonopoleProperties’ [-Wunused-variable]
  MilliQMonopolePhysics* MonopoleProperties = new MilliQMonopolePhysics();
                         ^
[100%] Building CXX object CMakeFiles/MilliQ.dir/src/MilliQEventAction.cc.o
In file included from /xfs1/gmagill/GeantDevExamples/milliq/geant4/src/MilliQEventAction.cc:32:0:
/xfs1/gmagill/GeantDevExamples/milliq/geant4/include/MilliQEventAction.hh: In constructor ‘MilliQEventAction::MilliQEventAction(MilliQRecorderBase*)’:
/xfs1/gmagill/GeantDevExamples/milliq/geant4/include/MilliQEventAction.hh:73:24: warning: ‘MilliQEventAction::fScintCollID’ will be initialized after [-Wreorder]
     G4int              fScintCollID;
                        ^
/xfs1/gmagill/GeantDevExamples/milliq/geant4/include/MilliQEventAction.hh:71:24: warning:   ‘G4int MilliQEventAction::fPMTCollID’ [-Wreorder]
     G4int              fPMTCollID;
                        ^
/xfs1/gmagill/GeantDevExamples/milliq/geant4/src/MilliQEventAction.cc:59:1: warning:   when initialized here [-Wreorder]
 MilliQEventAction::MilliQEventAction(MilliQRecorderBase* r)
 ^
/xfs1/gmagill/GeantDevExamples/milliq/geant4/src/MilliQEventAction.cc: In member function ‘virtual void MilliQEventAction::EndOfEventAction(const G4Event*)’:
/xfs1/gmagill/GeantDevExamples/milliq/geant4/src/MilliQEventAction.cc:228:18: warning: comparison between signed and unsigned integer expressions [-Wsign-compare]
 for(int i = 0; i < pmtTime.size(); i++){
                  ^
/xfs1/gmagill/GeantDevExamples/milliq/geant4/src/MilliQEventAction.cc:231:18: warning: comparison between signed and unsigned integer expressions [-Wsign-compare]
 for(int i = 0; i < scintTime.size(); i++){
                  ^
/xfs1/gmagill/GeantDevExamples/milliq/geant4/src/MilliQEventAction.cc:251:22: warning: comparison between signed and unsigned integer expressions [-Wsign-compare]
   for(G4int j = 0; j < scintEnergy[pmt].size(); j++){
                      ^
/xfs1/gmagill/GeantDevExamples/milliq/geant4/src/MilliQEventAction.cc:210:6: warning: variable ‘PrintStats’ set but not used [-Wunused-but-set-variable]
 bool PrintStats = false;
      ^
Linking CXX executable MilliQ
[100%] Built target MilliQ

*************************************************************
 Geant4 version Name: geant4-10-02    (4-December-2015)
                      Copyright : Geant4 Collaboration
                      Reference : NIM A 506 (2003), 250-303
                            WWW : http://cern.ch/geant4
*************************************************************

Monopole is created: m(GeV)= 0.105 Qel= 0.01 Qmag= 0
Using Root

====================================================================
                  HADRONIC PROCESSES SUMMARY (verbose level 1)

---------------------------------------------------
                           Hadronic Processes for neutron

  Process: hadElastic
        Model:             hElasticCHIPS: 0 eV  ---> 100 TeV
     Cr_sctns:        G4NeutronElasticXS: 0 eV  ---> 100 TeV
     Cr_sctns:            GheishaElastic: 0 eV  ---> 100 TeV

  Process: nKiller

---------------------------------------------------
                           Hadronic Processes for GenericIon

  Process: ionInelastic
        Model:  Binary Light Ion Cascade: 0 eV /n ---> 4 GeV/n
        Model:                      FTFP: 2 GeV/n ---> 100 TeV/n
     Cr_sctns: Glauber-Gribov nucleus nucleus: 0 eV  ---> 2.88022e+295 J  
     Cr_sctns:          GheishaInelastic: 0 eV  ---> 100 TeV

---------------------------------------------------
                           Hadronic Processes for He3

  Process: He3Inelastic
        Model:  Binary Light Ion Cascade: 0 eV /n ---> 4 GeV/n
        Model:                      FTFP: 2 GeV/n ---> 100 TeV/n
     Cr_sctns: Glauber-Gribov nucleus nucleus: 0 eV  ---> 2.88022e+295 J  
     Cr_sctns:          GheishaInelastic: 0 eV  ---> 100 TeV

---------------------------------------------------
                           Hadronic Processes for alpha

  Process: hadElastic
        Model:              hElasticLHEP: 0 eV /n ---> 100 TeV/n
     Cr_sctns:            GheishaElastic: 0 eV  ---> 100 TeV

  Process: alphaInelastic
        Model:  Binary Light Ion Cascade: 0 eV /n ---> 4 GeV/n
        Model:                      FTFP: 2 GeV/n ---> 100 TeV/n
     Cr_sctns: Glauber-Gribov nucleus nucleus: 0 eV  ---> 2.88022e+295 J  
     Cr_sctns:          GheishaInelastic: 0 eV  ---> 100 TeV

---------------------------------------------------
                           Hadronic Processes for anti_He3

  Process: hadElastic
        Model:              hElasticLHEP: 0 eV /n ---> 100.1 MeV/n
        Model:              AntiAElastic: 100 MeV/n ---> 100 TeV/n
     Cr_sctns:              AntiAGlauber: 0 eV  ---> 2.88022e+295 J  
     Cr_sctns:            GheishaElastic: 0 eV  ---> 100 TeV

  Process: hFritiofCaptureAtRest

---------------------------------------------------
                           Hadronic Processes for anti_alpha

  Process: hadElastic
        Model:              hElasticLHEP: 0 eV /n ---> 100.1 MeV/n
        Model:              AntiAElastic: 100 MeV/n ---> 100 TeV/n
     Cr_sctns:              AntiAGlauber: 0 eV  ---> 2.88022e+295 J  
     Cr_sctns:            GheishaElastic: 0 eV  ---> 100 TeV

  Process: hFritiofCaptureAtRest

---------------------------------------------------
                           Hadronic Processes for anti_deuteron

  Process: hadElastic
        Model:              hElasticLHEP: 0 eV /n ---> 100.1 MeV/n
        Model:              AntiAElastic: 100 MeV/n ---> 100 TeV/n
     Cr_sctns:              AntiAGlauber: 0 eV  ---> 2.88022e+295 J  
     Cr_sctns:            GheishaElastic: 0 eV  ---> 100 TeV

  Process: hFritiofCaptureAtRest

---------------------------------------------------
                           Hadronic Processes for anti_neutron

  Process: hadElastic
        Model:              hElasticLHEP: 0 eV  ---> 100 TeV
     Cr_sctns:            GheishaElastic: 0 eV  ---> 100 TeV

---------------------------------------------------
                           Hadronic Processes for anti_proton

  Process: hadElastic
        Model:              hElasticLHEP: 0 eV  ---> 100.1 MeV
        Model:              AntiAElastic: 100 MeV ---> 100 TeV
     Cr_sctns:              AntiAGlauber: 0 eV  ---> 2.88022e+295 J  
     Cr_sctns:            GheishaElastic: 0 eV  ---> 100 TeV

  Process: hFritiofCaptureAtRest

---------------------------------------------------
                           Hadronic Processes for anti_triton

  Process: hadElastic
        Model:              hElasticLHEP: 0 eV /n ---> 100.1 MeV/n
        Model:              AntiAElastic: 100 MeV/n ---> 100 TeV/n
     Cr_sctns:              AntiAGlauber: 0 eV  ---> 2.88022e+295 J  
     Cr_sctns:            GheishaElastic: 0 eV  ---> 100 TeV

  Process: hFritiofCaptureAtRest

---------------------------------------------------
                           Hadronic Processes for deuteron

  Process: hadElastic
        Model:              hElasticLHEP: 0 eV /n ---> 100 TeV/n
     Cr_sctns:            GheishaElastic: 0 eV  ---> 100 TeV

  Process: dInelastic
        Model:  Binary Light Ion Cascade: 0 eV /n ---> 4 GeV/n
        Model:                      FTFP: 2 GeV/n ---> 100 TeV/n
     Cr_sctns: Glauber-Gribov nucleus nucleus: 0 eV  ---> 2.88022e+295 J  
     Cr_sctns:          GheishaInelastic: 0 eV  ---> 100 TeV

---------------------------------------------------
                           Hadronic Processes for e+

  Process: positronNuclear
        Model:   G4ElectroVDNuclearModel: 0 eV  ---> 1 PeV
     Cr_sctns:          ElectroNuclearXS: 0 eV  ---> 100 TeV
     Cr_sctns:          GheishaInelastic: 0 eV  ---> 100 TeV

---------------------------------------------------
                           Hadronic Processes for e-

  Process: electronNuclear
        Model:   G4ElectroVDNuclearModel: 0 eV  ---> 1 PeV
     Cr_sctns:          ElectroNuclearXS: 0 eV  ---> 100 TeV
     Cr_sctns:          GheishaInelastic: 0 eV  ---> 100 TeV

---------------------------------------------------
                           Hadronic Processes for gamma

  Process: photonNuclear
        Model:            BertiniCascade: 0 eV  ---> 3.5 GeV
        Model:           TheoFSGenerator: 3 GeV ---> 100 TeV
     Cr_sctns:            PhotoNuclearXS: 0 eV  ---> 100 TeV
     Cr_sctns:          GheishaInelastic: 0 eV  ---> 100 TeV

---------------------------------------------------
                           Hadronic Processes for kaon+

  Process: hadElastic
        Model:              hElasticLHEP: 0 eV  ---> 100 TeV
     Cr_sctns:            GheishaElastic: 0 eV  ---> 100 TeV

---------------------------------------------------
                           Hadronic Processes for kaon-

  Process: hadElastic
        Model:              hElasticLHEP: 0 eV  ---> 100 TeV
     Cr_sctns:            GheishaElastic: 0 eV  ---> 100 TeV

  Process: hBertiniCaptureAtRest

---------------------------------------------------
                           Hadronic Processes for lambda

  Process: hadElastic
        Model:              hElasticLHEP: 0 eV  ---> 100 TeV
     Cr_sctns:            GheishaElastic: 0 eV  ---> 100 TeV

---------------------------------------------------
                           Hadronic Processes for mu+

  Process: muonNuclear
        Model:      G4MuonVDNuclearModel: 0 eV  ---> 1 PeV
     Cr_sctns:     KokoulinMuonNuclearXS: 0 eV  ---> 100 TeV

---------------------------------------------------
                           Hadronic Processes for mu-

  Process: muonNuclear
        Model:      G4MuonVDNuclearModel: 0 eV  ---> 1 PeV
     Cr_sctns:     KokoulinMuonNuclearXS: 0 eV  ---> 100 TeV

  Process: muMinusCaptureAtRest

  Process: muMinusCaptureAtRest

---------------------------------------------------
                           Hadronic Processes for pi+

  Process: hadElastic
        Model:              hElasticLHEP: 0 eV  ---> 1.0001 GeV
        Model:           hElasticGlauber: 1 GeV ---> 100 TeV
     Cr_sctns:       Barashenkov-Glauber: 0 eV  ---> 100 TeV
     Cr_sctns:            GheishaElastic: 0 eV  ---> 100 TeV

---------------------------------------------------
                           Hadronic Processes for pi-

  Process: hadElastic
        Model:              hElasticLHEP: 0 eV  ---> 1.0001 GeV
        Model:           hElasticGlauber: 1 GeV ---> 100 TeV
     Cr_sctns:       Barashenkov-Glauber: 0 eV  ---> 100 TeV
     Cr_sctns:            GheishaElastic: 0 eV  ---> 100 TeV

  Process: hBertiniCaptureAtRest

---------------------------------------------------
                           Hadronic Processes for proton

  Process: hadElastic
        Model:             hElasticCHIPS: 0 eV  ---> 100 TeV
     Cr_sctns:      ChipsProtonElasticXS: 0 eV  ---> 100 TeV
     Cr_sctns:            GheishaElastic: 0 eV  ---> 100 TeV

---------------------------------------------------
                           Hadronic Processes for triton

  Process: hadElastic
        Model:              hElasticLHEP: 0 eV /n ---> 100 TeV/n
     Cr_sctns:            GheishaElastic: 0 eV  ---> 100 TeV

  Process: tInelastic
        Model:  Binary Light Ion Cascade: 0 eV /n ---> 4 GeV/n
        Model:                      FTFP: 2 GeV/n ---> 100 TeV/n
     Cr_sctns: Glauber-Gribov nucleus nucleus: 0 eV  ---> 2.88022e+295 J  
     Cr_sctns:          GheishaInelastic: 0 eV  ---> 100 TeV

================================================================
neventLHE 0

-------- WWWW ------- G4Exception-START -------- WWWW -------
*** G4Exception : Analysis_W011
      issued by : G4TNtupleManager:FillNtupleTColumn
 Column type does not match:  ntupleId 2 columnId 1 value 8.26267
*** This is just a warning message. ***
-------- WWWW -------- G4Exception-END --------- WWWW -------


-------- WWWW ------- G4Exception-START -------- WWWW -------
*** G4Exception : Analysis_W011
      issued by : G4TNtupleManager:FillNtupleTColumn
 Column type does not match:  ntupleId 2 columnId 2 value 7.55872
*** This is just a warning message. ***
-------- WWWW -------- G4Exception-END --------- WWWW -------


-------- WWWW ------- G4Exception-START -------- WWWW -------
*** G4Exception : Analysis_W011
      issued by : G4TNtupleManager:FillNtupleTColumn
 Column type does not match:  ntupleId 2 columnId 1 value 7.15262
*** This is just a warning message. ***
-------- WWWW -------- G4Exception-END --------- WWWW -------


-------- WWWW ------- G4Exception-START -------- WWWW -------
*** G4Exception : Analysis_W011
      issued by : G4TNtupleManager:FillNtupleTColumn
 Column type does not match:  ntupleId 2 columnId 2 value 6.44854
*** This is just a warning message. ***
-------- WWWW -------- G4Exception-END --------- WWWW -------

   ------------------------------------------------------------
  | Welcome to ROOT 6.04/10                http://root.cern.ch |
  |                               (c) 1995-2014, The ROOT Team |
  | Built for linuxx8664gcc                                    |
  | From tag v6-04-10, 18 November 2015                        |
  | Try '.help', '.demo', '.license', '.credits', '.quit'/'.q' |
   ------------------------------------------------------------


Processing histogram.C...
